<?xml version="1.0" encoding="UTF-8"?>
<testng-results ignored="0" total="1" passed="1" failed="0" skipped="0">
  <reporter-output>
  </reporter-output>
  <suite started-at="2024-04-25T14:57:29 IST" name="Surefire suite" finished-at="2024-04-25T14:58:00 IST" duration-ms="30992">
    <groups>
    </groups>
    <test started-at="2024-04-25T14:57:29 IST" name="Surefire test" finished-at="2024-04-25T14:58:00 IST" duration-ms="30992">
      <class name="com.example.AppTest">
        <test-method is-config="true" signature="setup()[pri:0, instance:com.example.AppTest@12d4bf7e]" started-at="2024-04-25T14:57:29 IST" name="setup" finished-at="2024-04-25T14:57:35 IST" duration-ms="6307" status="PASS">
          <reporter-output>
          </reporter-output>
        </test-method> <!-- setup -->
        <test-method signature="test()[pri:1, instance:com.example.AppTest@12d4bf7e]" started-at="2024-04-25T14:57:35 IST" name="test" finished-at="2024-04-25T14:58:00 IST" duration-ms="24340" status="PASS">
          <reporter-output>
          </reporter-output>
        </test-method> <!-- test -->
        <test-method is-config="true" signature="quitDriver()[pri:0, instance:com.example.AppTest@12d4bf7e]" started-at="2024-04-25T14:58:00 IST" name="quitDriver" finished-at="2024-04-25T14:58:00 IST" duration-ms="305" status="PASS">
          <reporter-output>
          </reporter-output>
        </test-method> <!-- quitDriver -->
      </class> <!-- com.example.AppTest -->
    </test> <!-- Surefire test -->
  </suite> <!-- Surefire suite -->
</testng-results>
